05/09/2019 10:49:17 PM - LoginPage - INFO: Element found with locator: Login and  locatorType: link
05/09/2019 10:49:19 PM - LoginPage - INFO: Clicked on element with locator: Login locatorType: link
05/09/2019 10:49:19 PM - LoginPage - INFO: Element found with locator: user_email and  locatorType: id
05/09/2019 10:49:20 PM - LoginPage - INFO: Sent data on element with locator: user_email locatorType: id
05/09/2019 10:49:20 PM - LoginPage - INFO: Entering: test@email.com
05/09/2019 10:49:20 PM - LoginPage - INFO: Element found with locator: user_password and  locatorType: id
05/09/2019 10:49:20 PM - LoginPage - INFO: Sent data on element with locator: user_password locatorType: id
05/09/2019 10:49:20 PM - LoginPage - INFO: Entering password
05/09/2019 10:49:20 PM - LoginPage - INFO: Element found with locator: commit and  locatorType: name
05/09/2019 10:49:23 PM - LoginPage - INFO: Clicked on element with locator: commit locatorType: name
05/09/2019 10:49:23 PM - RegisterCoursesPage - INFO: Element found with locator: //a[contains(text(),'All Courses')] and  locatorType: xpath
05/09/2019 10:49:23 PM - RegisterCoursesPage - INFO: Clicked on element with locator: //a[contains(text(),'All Courses')] locatorType: xpath
05/09/2019 10:49:23 PM - RegisterCoursesPage - INFO: Element found with locator: query and  locatorType: name
05/09/2019 10:49:23 PM - RegisterCoursesPage - INFO: Sent data on element with locator: query locatorType: name
05/09/2019 10:49:24 PM - RegisterCoursesPage - INFO: Element found with locator: //div[contains(@class,'course-listing-title') and contains(text(),'JavaScript for beginners')] and  locatorType: xpath
05/09/2019 10:49:24 PM - RegisterCoursesPage - INFO: Clicked on element with locator: //div[contains(@class,'course-listing-title') and contains(text(),'JavaScript for beginners')] locatorType: xpath
05/09/2019 10:49:27 PM - RegisterCoursesPage - INFO: Element found with locator: enroll-button-top and  locatorType: id
05/09/2019 10:49:32 PM - RegisterCoursesPage - INFO: Clicked on element with locator: enroll-button-top locatorType: id
05/09/2019 10:49:37 PM - RegisterCoursesPage - INFO: Element found with locator: cardnumber and  locatorType: name
05/09/2019 10:49:37 PM - RegisterCoursesPage - INFO: Sent data on element with locator: cardnumber locatorType: name
05/09/2019 10:49:40 PM - RegisterCoursesPage - INFO: Element found with locator: cardnumber and  locatorType: name
05/09/2019 10:49:40 PM - RegisterCoursesPage - INFO: Sent data on element with locator: cardnumber locatorType: name
05/09/2019 10:49:43 PM - RegisterCoursesPage - INFO: Element found with locator: cardnumber and  locatorType: name
05/09/2019 10:49:43 PM - RegisterCoursesPage - INFO: Sent data on element with locator: cardnumber locatorType: name
05/09/2019 10:49:46 PM - RegisterCoursesPage - INFO: Element found with locator: cardnumber and  locatorType: name
05/09/2019 10:49:46 PM - RegisterCoursesPage - INFO: Sent data on element with locator: cardnumber locatorType: name
05/09/2019 10:49:49 PM - RegisterCoursesPage - INFO: Element found with locator: cardnumber and  locatorType: name
05/09/2019 10:49:49 PM - RegisterCoursesPage - INFO: Sent data on element with locator: cardnumber locatorType: name
05/09/2019 10:49:52 PM - RegisterCoursesPage - INFO: Element found with locator: cardnumber and  locatorType: name
05/09/2019 10:49:52 PM - RegisterCoursesPage - INFO: Sent data on element with locator: cardnumber locatorType: name
05/09/2019 10:49:55 PM - RegisterCoursesPage - INFO: Element found with locator: cardnumber and  locatorType: name
05/09/2019 10:49:55 PM - RegisterCoursesPage - INFO: Sent data on element with locator: cardnumber locatorType: name
05/09/2019 10:49:58 PM - RegisterCoursesPage - INFO: Element found with locator: cardnumber and  locatorType: name
05/09/2019 10:49:59 PM - RegisterCoursesPage - INFO: Sent data on element with locator: cardnumber locatorType: name
05/09/2019 10:50:02 PM - RegisterCoursesPage - INFO: Element found with locator: cardnumber and  locatorType: name
05/09/2019 10:50:02 PM - RegisterCoursesPage - INFO: Sent data on element with locator: cardnumber locatorType: name
05/09/2019 10:50:05 PM - RegisterCoursesPage - INFO: Element found with locator: cardnumber and  locatorType: name
05/09/2019 10:50:05 PM - RegisterCoursesPage - INFO: Sent data on element with locator: cardnumber locatorType: name
05/09/2019 10:50:08 PM - RegisterCoursesPage - INFO: Element found with locator: cardnumber and  locatorType: name
05/09/2019 10:50:08 PM - RegisterCoursesPage - INFO: Sent data on element with locator: cardnumber locatorType: name
05/09/2019 10:50:11 PM - RegisterCoursesPage - INFO: Element found with locator: cardnumber and  locatorType: name
05/09/2019 10:50:11 PM - RegisterCoursesPage - INFO: Sent data on element with locator: cardnumber locatorType: name
05/09/2019 10:50:14 PM - RegisterCoursesPage - INFO: Element found with locator: cardnumber and  locatorType: name
05/09/2019 10:50:14 PM - RegisterCoursesPage - INFO: Sent data on element with locator: cardnumber locatorType: name
05/09/2019 10:50:17 PM - RegisterCoursesPage - INFO: Element found with locator: cardnumber and  locatorType: name
05/09/2019 10:50:17 PM - RegisterCoursesPage - INFO: Sent data on element with locator: cardnumber locatorType: name
05/09/2019 10:50:20 PM - RegisterCoursesPage - INFO: Element found with locator: cardnumber and  locatorType: name
05/09/2019 10:50:20 PM - RegisterCoursesPage - INFO: Sent data on element with locator: cardnumber locatorType: name
05/09/2019 10:50:23 PM - RegisterCoursesPage - INFO: Element found with locator: cardnumber and  locatorType: name
05/09/2019 10:50:23 PM - RegisterCoursesPage - INFO: Sent data on element with locator: cardnumber locatorType: name
05/09/2019 10:50:26 PM - RegisterCoursesPage - INFO: Element found with locator: exp-date and  locatorType: name
05/09/2019 10:50:26 PM - RegisterCoursesPage - INFO: Sent data on element with locator: exp-date locatorType: name
05/09/2019 10:50:29 PM - RegisterCoursesPage - INFO: Element found with locator: cvc and  locatorType: name
05/09/2019 10:50:29 PM - RegisterCoursesPage - INFO: Sent data on element with locator: cvc locatorType: name
05/09/2019 10:50:32 PM - RegisterCoursesPage - INFO: Element found with locator: postal and  locatorType: name
05/09/2019 10:50:32 PM - RegisterCoursesPage - INFO: Sent data on element with locator: postal locatorType: name
05/09/2019 10:50:34 PM - RegisterCoursesPage - INFO: Element found with locator: //div[@class='boolean-checkbox spc__checkbox spc__terms-text']//input[@type='checkbox'] and  locatorType: xpath
05/09/2019 10:50:35 PM - RegisterCoursesPage - INFO: Clicked on element with locator: //div[@class='boolean-checkbox spc__checkbox spc__terms-text']//input[@type='checkbox'] locatorType: xpath
05/09/2019 10:50:35 PM - RegisterCoursesPage - INFO: Element found with locator: //button[@id='confirm-purchase']/label and  locatorType: xpath
05/09/2019 10:50:35 PM - RegisterCoursesPage - INFO: Clicked on element with locator: //button[@id='confirm-purchase']/label locatorType: xpath
05/09/2019 10:50:52 PM - LoginPage - INFO: Element found with locator: Login and  locatorType: link
05/09/2019 10:50:52 PM - LoginPage - INFO: Clicked on element with locator: Login locatorType: link
05/09/2019 10:50:54 PM - LoginPage - INFO: Element found with locator: user_email and  locatorType: id
05/09/2019 10:50:54 PM - LoginPage - INFO: Sent data on element with locator: user_email locatorType: id
05/09/2019 10:50:54 PM - LoginPage - INFO: Entering: test@email.com
05/09/2019 10:50:55 PM - LoginPage - INFO: Element found with locator: user_password and  locatorType: id
05/09/2019 10:50:55 PM - LoginPage - INFO: Sent data on element with locator: user_password locatorType: id
05/09/2019 10:50:55 PM - LoginPage - INFO: Entering password
05/09/2019 10:50:55 PM - LoginPage - INFO: Element found with locator: commit and  locatorType: name
05/09/2019 10:50:58 PM - LoginPage - INFO: Clicked on element with locator: commit locatorType: name
05/09/2019 10:50:58 PM - RegisterCoursesPage - INFO: Element found with locator: //a[contains(text(),'All Courses')] and  locatorType: xpath
05/09/2019 10:50:58 PM - RegisterCoursesPage - INFO: Clicked on element with locator: //a[contains(text(),'All Courses')] locatorType: xpath
05/09/2019 10:50:58 PM - RegisterCoursesPage - INFO: Element found with locator: query and  locatorType: name
05/09/2019 10:50:58 PM - RegisterCoursesPage - INFO: Sent data on element with locator: query locatorType: name
05/09/2019 10:50:58 PM - RegisterCoursesPage - INFO: Element found with locator: //div[contains(@class,'course-listing-title') and contains(text(),'JavaScript for beginners')] and  locatorType: xpath
05/09/2019 10:50:58 PM - RegisterCoursesPage - INFO: Clicked on element with locator: //div[contains(@class,'course-listing-title') and contains(text(),'JavaScript for beginners')] locatorType: xpath
05/09/2019 10:51:02 PM - RegisterCoursesPage - INFO: Element not found with locator: enroll-button-top and  locatorType: id
05/09/2019 10:51:02 PM - RegisterCoursesPage - INFO: Cannot click on the element with locator: enroll-button-top locatorType: id
05/09/2019 10:51:16 PM - LoginPage - INFO: Element found with locator: Login and  locatorType: link
05/09/2019 10:51:16 PM - LoginPage - INFO: Clicked on element with locator: Login locatorType: link
05/09/2019 10:51:17 PM - LoginPage - INFO: Element found with locator: user_email and  locatorType: id
05/09/2019 10:51:18 PM - LoginPage - INFO: Sent data on element with locator: user_email locatorType: id
05/09/2019 10:51:18 PM - LoginPage - INFO: Entering: test@email.com
05/09/2019 10:51:18 PM - LoginPage - INFO: Element found with locator: user_password and  locatorType: id
05/09/2019 10:51:18 PM - LoginPage - INFO: Sent data on element with locator: user_password locatorType: id
05/09/2019 10:51:18 PM - LoginPage - INFO: Entering password
05/09/2019 10:51:18 PM - LoginPage - INFO: Element found with locator: commit and  locatorType: name
05/09/2019 10:51:21 PM - LoginPage - INFO: Clicked on element with locator: commit locatorType: name
05/09/2019 10:51:21 PM - RegisterCoursesPage - INFO: Element found with locator: //a[contains(text(),'All Courses')] and  locatorType: xpath
05/09/2019 10:51:21 PM - RegisterCoursesPage - INFO: Clicked on element with locator: //a[contains(text(),'All Courses')] locatorType: xpath
05/09/2019 10:51:21 PM - RegisterCoursesPage - INFO: Element found with locator: query and  locatorType: name
05/09/2019 10:51:21 PM - RegisterCoursesPage - INFO: Sent data on element with locator: query locatorType: name
05/09/2019 10:51:21 PM - RegisterCoursesPage - INFO: Element found with locator: //div[contains(@class,'course-listing-title') and contains(text(),'JavaScript for beginners')] and  locatorType: xpath
05/09/2019 10:51:21 PM - RegisterCoursesPage - INFO: Clicked on element with locator: //div[contains(@class,'course-listing-title') and contains(text(),'JavaScript for beginners')] locatorType: xpath
05/09/2019 10:51:22 PM - RegisterCoursesPage - INFO: Element found with locator: enroll-button-top and  locatorType: id
05/09/2019 10:51:26 PM - RegisterCoursesPage - INFO: Clicked on element with locator: enroll-button-top locatorType: id
05/09/2019 10:51:28 PM - RegisterCoursesPage - INFO: Element found with locator: cardnumber and  locatorType: name
05/09/2019 10:51:28 PM - RegisterCoursesPage - INFO: Sent data on element with locator: cardnumber locatorType: name
05/09/2019 10:51:28 PM - RegisterCoursesPage - INFO: Element found with locator: cardnumber and  locatorType: name
05/09/2019 10:51:28 PM - RegisterCoursesPage - INFO: Sent data on element with locator: cardnumber locatorType: name
05/09/2019 10:51:28 PM - RegisterCoursesPage - INFO: Element found with locator: cardnumber and  locatorType: name
05/09/2019 10:51:28 PM - RegisterCoursesPage - INFO: Sent data on element with locator: cardnumber locatorType: name
05/09/2019 10:51:29 PM - RegisterCoursesPage - INFO: Element found with locator: cardnumber and  locatorType: name
05/09/2019 10:51:29 PM - RegisterCoursesPage - INFO: Sent data on element with locator: cardnumber locatorType: name
05/09/2019 10:51:29 PM - RegisterCoursesPage - INFO: Element found with locator: cardnumber and  locatorType: name
05/09/2019 10:51:29 PM - RegisterCoursesPage - INFO: Sent data on element with locator: cardnumber locatorType: name
05/09/2019 10:51:29 PM - RegisterCoursesPage - INFO: Element found with locator: cardnumber and  locatorType: name
05/09/2019 10:51:29 PM - RegisterCoursesPage - INFO: Sent data on element with locator: cardnumber locatorType: name
05/09/2019 10:51:29 PM - RegisterCoursesPage - INFO: Element found with locator: cardnumber and  locatorType: name
05/09/2019 10:51:29 PM - RegisterCoursesPage - INFO: Sent data on element with locator: cardnumber locatorType: name
05/09/2019 10:51:29 PM - RegisterCoursesPage - INFO: Element found with locator: cardnumber and  locatorType: name
05/09/2019 10:51:29 PM - RegisterCoursesPage - INFO: Sent data on element with locator: cardnumber locatorType: name
05/09/2019 10:51:29 PM - RegisterCoursesPage - INFO: Element found with locator: cardnumber and  locatorType: name
05/09/2019 10:51:29 PM - RegisterCoursesPage - INFO: Sent data on element with locator: cardnumber locatorType: name
05/09/2019 10:51:29 PM - RegisterCoursesPage - INFO: Element found with locator: cardnumber and  locatorType: name
05/09/2019 10:51:29 PM - RegisterCoursesPage - INFO: Sent data on element with locator: cardnumber locatorType: name
05/09/2019 10:51:29 PM - RegisterCoursesPage - INFO: Element found with locator: cardnumber and  locatorType: name
05/09/2019 10:51:29 PM - RegisterCoursesPage - INFO: Sent data on element with locator: cardnumber locatorType: name
05/09/2019 10:51:29 PM - RegisterCoursesPage - INFO: Element found with locator: cardnumber and  locatorType: name
05/09/2019 10:51:29 PM - RegisterCoursesPage - INFO: Sent data on element with locator: cardnumber locatorType: name
05/09/2019 10:51:29 PM - RegisterCoursesPage - INFO: Element found with locator: cardnumber and  locatorType: name
05/09/2019 10:51:29 PM - RegisterCoursesPage - INFO: Sent data on element with locator: cardnumber locatorType: name
05/09/2019 10:51:29 PM - RegisterCoursesPage - INFO: Element found with locator: cardnumber and  locatorType: name
05/09/2019 10:51:29 PM - RegisterCoursesPage - INFO: Sent data on element with locator: cardnumber locatorType: name
05/09/2019 10:51:29 PM - RegisterCoursesPage - INFO: Element found with locator: cardnumber and  locatorType: name
05/09/2019 10:51:29 PM - RegisterCoursesPage - INFO: Sent data on element with locator: cardnumber locatorType: name
05/09/2019 10:51:29 PM - RegisterCoursesPage - INFO: Element found with locator: cardnumber and  locatorType: name
05/09/2019 10:51:29 PM - RegisterCoursesPage - INFO: Sent data on element with locator: cardnumber locatorType: name
05/09/2019 10:51:29 PM - RegisterCoursesPage - INFO: Element found with locator: exp-date and  locatorType: name
05/09/2019 10:51:29 PM - RegisterCoursesPage - INFO: Sent data on element with locator: exp-date locatorType: name
05/09/2019 10:51:30 PM - RegisterCoursesPage - INFO: Element found with locator: cvc and  locatorType: name
05/09/2019 10:51:30 PM - RegisterCoursesPage - INFO: Sent data on element with locator: cvc locatorType: name
05/09/2019 10:51:30 PM - RegisterCoursesPage - INFO: Element found with locator: postal and  locatorType: name
05/09/2019 10:51:30 PM - RegisterCoursesPage - INFO: Sent data on element with locator: postal locatorType: name
05/09/2019 10:51:32 PM - RegisterCoursesPage - INFO: Element found with locator: //div[@class='boolean-checkbox spc__checkbox spc__terms-text']//input[@type='checkbox'] and  locatorType: xpath
05/09/2019 10:51:32 PM - RegisterCoursesPage - INFO: Clicked on element with locator: //div[@class='boolean-checkbox spc__checkbox spc__terms-text']//input[@type='checkbox'] locatorType: xpath
05/09/2019 10:51:32 PM - RegisterCoursesPage - INFO: Element found with locator: //button[@id='confirm-purchase']/label and  locatorType: xpath
05/09/2019 10:51:32 PM - RegisterCoursesPage - INFO: Clicked on element with locator: //button[@id='confirm-purchase']/label locatorType: xpath
05/09/2019 10:51:46 PM - LoginPage - INFO: Element found with locator: Login and  locatorType: link
05/09/2019 10:51:46 PM - LoginPage - INFO: Clicked on element with locator: Login locatorType: link
05/09/2019 10:51:49 PM - LoginPage - INFO: Element found with locator: user_email and  locatorType: id
05/09/2019 10:51:49 PM - LoginPage - INFO: Sent data on element with locator: user_email locatorType: id
05/09/2019 10:51:49 PM - LoginPage - INFO: Entering: test@email.com
05/09/2019 10:51:49 PM - LoginPage - INFO: Element found with locator: user_password and  locatorType: id
05/09/2019 10:51:49 PM - LoginPage - INFO: Sent data on element with locator: user_password locatorType: id
05/09/2019 10:51:49 PM - LoginPage - INFO: Entering password
05/09/2019 10:51:49 PM - LoginPage - INFO: Element found with locator: commit and  locatorType: name
05/09/2019 10:51:53 PM - LoginPage - INFO: Clicked on element with locator: commit locatorType: name
05/09/2019 10:51:53 PM - RegisterCoursesPage - INFO: Element found with locator: //a[contains(text(),'All Courses')] and  locatorType: xpath
05/09/2019 10:51:53 PM - RegisterCoursesPage - INFO: Clicked on element with locator: //a[contains(text(),'All Courses')] locatorType: xpath
05/09/2019 10:51:53 PM - RegisterCoursesPage - INFO: Element found with locator: query and  locatorType: name
05/09/2019 10:51:53 PM - RegisterCoursesPage - INFO: Sent data on element with locator: query locatorType: name
05/09/2019 10:51:53 PM - RegisterCoursesPage - INFO: Element found with locator: //div[contains(@class,'course-listing-title') and contains(text(),'JavaScript for beginners')] and  locatorType: xpath
05/09/2019 10:51:53 PM - RegisterCoursesPage - INFO: Clicked on element with locator: //div[contains(@class,'course-listing-title') and contains(text(),'JavaScript for beginners')] locatorType: xpath
05/09/2019 10:51:54 PM - RegisterCoursesPage - INFO: Element found with locator: enroll-button-top and  locatorType: id
05/09/2019 10:51:58 PM - RegisterCoursesPage - INFO: Clicked on element with locator: enroll-button-top locatorType: id
05/09/2019 10:52:00 PM - RegisterCoursesPage - INFO: Element found with locator: cardnumber and  locatorType: name
05/09/2019 10:52:00 PM - RegisterCoursesPage - INFO: Sent data on element with locator: cardnumber locatorType: name
05/09/2019 10:52:00 PM - RegisterCoursesPage - INFO: Element found with locator: cardnumber and  locatorType: name
05/09/2019 10:52:00 PM - RegisterCoursesPage - INFO: Sent data on element with locator: cardnumber locatorType: name
05/09/2019 10:52:00 PM - RegisterCoursesPage - INFO: Element found with locator: cardnumber and  locatorType: name
05/09/2019 10:52:00 PM - RegisterCoursesPage - INFO: Sent data on element with locator: cardnumber locatorType: name
05/09/2019 10:52:00 PM - RegisterCoursesPage - INFO: Element found with locator: cardnumber and  locatorType: name
05/09/2019 10:52:00 PM - RegisterCoursesPage - INFO: Sent data on element with locator: cardnumber locatorType: name
05/09/2019 10:52:00 PM - RegisterCoursesPage - INFO: Element found with locator: cardnumber and  locatorType: name
05/09/2019 10:52:00 PM - RegisterCoursesPage - INFO: Sent data on element with locator: cardnumber locatorType: name
05/09/2019 10:52:00 PM - RegisterCoursesPage - INFO: Element found with locator: cardnumber and  locatorType: name
05/09/2019 10:52:00 PM - RegisterCoursesPage - INFO: Sent data on element with locator: cardnumber locatorType: name
05/09/2019 10:52:01 PM - RegisterCoursesPage - INFO: Element found with locator: cardnumber and  locatorType: name
05/09/2019 10:52:01 PM - RegisterCoursesPage - INFO: Sent data on element with locator: cardnumber locatorType: name
05/09/2019 10:52:01 PM - RegisterCoursesPage - INFO: Element found with locator: cardnumber and  locatorType: name
05/09/2019 10:52:01 PM - RegisterCoursesPage - INFO: Sent data on element with locator: cardnumber locatorType: name
05/09/2019 10:52:01 PM - RegisterCoursesPage - INFO: Element found with locator: cardnumber and  locatorType: name
05/09/2019 10:52:01 PM - RegisterCoursesPage - INFO: Sent data on element with locator: cardnumber locatorType: name
05/09/2019 10:52:01 PM - RegisterCoursesPage - INFO: Element found with locator: cardnumber and  locatorType: name
05/09/2019 10:52:01 PM - RegisterCoursesPage - INFO: Sent data on element with locator: cardnumber locatorType: name
05/09/2019 10:52:01 PM - RegisterCoursesPage - INFO: Element found with locator: cardnumber and  locatorType: name
05/09/2019 10:52:01 PM - RegisterCoursesPage - INFO: Sent data on element with locator: cardnumber locatorType: name
05/09/2019 10:52:01 PM - RegisterCoursesPage - INFO: Element found with locator: cardnumber and  locatorType: name
05/09/2019 10:52:01 PM - RegisterCoursesPage - INFO: Sent data on element with locator: cardnumber locatorType: name
05/09/2019 10:52:01 PM - RegisterCoursesPage - INFO: Element found with locator: cardnumber and  locatorType: name
05/09/2019 10:52:01 PM - RegisterCoursesPage - INFO: Sent data on element with locator: cardnumber locatorType: name
05/09/2019 10:52:01 PM - RegisterCoursesPage - INFO: Element found with locator: cardnumber and  locatorType: name
05/09/2019 10:52:01 PM - RegisterCoursesPage - INFO: Sent data on element with locator: cardnumber locatorType: name
05/09/2019 10:52:01 PM - RegisterCoursesPage - INFO: Element found with locator: cardnumber and  locatorType: name
05/09/2019 10:52:01 PM - RegisterCoursesPage - INFO: Sent data on element with locator: cardnumber locatorType: name
05/09/2019 10:52:01 PM - RegisterCoursesPage - INFO: Element found with locator: cardnumber and  locatorType: name
05/09/2019 10:52:01 PM - RegisterCoursesPage - INFO: Sent data on element with locator: cardnumber locatorType: name
05/09/2019 10:52:01 PM - RegisterCoursesPage - INFO: Element found with locator: exp-date and  locatorType: name
05/09/2019 10:52:01 PM - RegisterCoursesPage - INFO: Sent data on element with locator: exp-date locatorType: name
05/09/2019 10:52:01 PM - RegisterCoursesPage - INFO: Element found with locator: cvc and  locatorType: name
05/09/2019 10:52:01 PM - RegisterCoursesPage - INFO: Sent data on element with locator: cvc locatorType: name
05/09/2019 10:52:01 PM - RegisterCoursesPage - INFO: Element found with locator: postal and  locatorType: name
05/09/2019 10:52:02 PM - RegisterCoursesPage - INFO: Sent data on element with locator: postal locatorType: name
05/09/2019 10:52:04 PM - RegisterCoursesPage - INFO: Element found with locator: //div[@class='boolean-checkbox spc__checkbox spc__terms-text']//input[@type='checkbox'] and  locatorType: xpath
05/09/2019 10:52:04 PM - RegisterCoursesPage - INFO: Clicked on element with locator: //div[@class='boolean-checkbox spc__checkbox spc__terms-text']//input[@type='checkbox'] locatorType: xpath
05/09/2019 10:52:04 PM - RegisterCoursesPage - INFO: Element found with locator: //button[@id='confirm-purchase']/label and  locatorType: xpath
05/09/2019 10:52:04 PM - RegisterCoursesPage - INFO: Clicked on element with locator: //button[@id='confirm-purchase']/label locatorType: xpath
05/09/2019 10:52:51 PM - LoginPage - INFO: Element found with locator: Login and  locatorType: link
05/09/2019 10:52:54 PM - LoginPage - INFO: Clicked on element with locator: Login locatorType: link
05/09/2019 10:52:54 PM - LoginPage - INFO: Element found with locator: user_email and  locatorType: id
05/09/2019 10:52:54 PM - LoginPage - INFO: Sent data on element with locator: user_email locatorType: id
05/09/2019 10:52:54 PM - LoginPage - INFO: Entering: test@email.com
05/09/2019 10:52:54 PM - LoginPage - INFO: Element found with locator: user_password and  locatorType: id
05/09/2019 10:52:54 PM - LoginPage - INFO: Sent data on element with locator: user_password locatorType: id
05/09/2019 10:52:54 PM - LoginPage - INFO: Entering password
05/09/2019 10:52:54 PM - LoginPage - INFO: Element found with locator: commit and  locatorType: name
05/09/2019 10:52:59 PM - LoginPage - INFO: Clicked on element with locator: commit locatorType: name
05/09/2019 10:52:59 PM - RegisterCoursesPage - INFO: Element found with locator: //a[contains(text(),'All Courses')] and  locatorType: xpath
05/09/2019 10:53:00 PM - RegisterCoursesPage - INFO: Clicked on element with locator: //a[contains(text(),'All Courses')] locatorType: xpath
05/09/2019 10:53:00 PM - RegisterCoursesPage - INFO: Element found with locator: query and  locatorType: name
05/09/2019 10:53:00 PM - RegisterCoursesPage - INFO: Sent data on element with locator: query locatorType: name
05/09/2019 10:53:00 PM - RegisterCoursesPage - INFO: Element found with locator: //div[contains(@class,'course-listing-title') and contains(text(),'JavaScript for beginners')] and  locatorType: xpath
05/09/2019 10:53:00 PM - RegisterCoursesPage - INFO: Clicked on element with locator: //div[contains(@class,'course-listing-title') and contains(text(),'JavaScript for beginners')] locatorType: xpath
05/09/2019 10:53:01 PM - RegisterCoursesPage - INFO: Element found with locator: enroll-button-top and  locatorType: id
05/09/2019 10:53:07 PM - RegisterCoursesPage - INFO: Clicked on element with locator: enroll-button-top locatorType: id
05/09/2019 10:53:12 PM - RegisterCoursesPage - INFO: Element found with locator: cardnumber and  locatorType: name
05/09/2019 10:53:12 PM - RegisterCoursesPage - INFO: Sent data on element with locator: cardnumber locatorType: name
05/09/2019 10:53:15 PM - RegisterCoursesPage - INFO: Element found with locator: cardnumber and  locatorType: name
05/09/2019 10:53:15 PM - RegisterCoursesPage - INFO: Sent data on element with locator: cardnumber locatorType: name
05/09/2019 10:53:18 PM - RegisterCoursesPage - INFO: Element found with locator: cardnumber and  locatorType: name
05/09/2019 10:53:18 PM - RegisterCoursesPage - INFO: Sent data on element with locator: cardnumber locatorType: name
05/09/2019 10:53:21 PM - RegisterCoursesPage - INFO: Element found with locator: cardnumber and  locatorType: name
05/09/2019 10:53:21 PM - RegisterCoursesPage - INFO: Sent data on element with locator: cardnumber locatorType: name
05/09/2019 10:53:24 PM - RegisterCoursesPage - INFO: Element found with locator: cardnumber and  locatorType: name
05/09/2019 10:53:24 PM - RegisterCoursesPage - INFO: Sent data on element with locator: cardnumber locatorType: name
05/09/2019 10:53:27 PM - RegisterCoursesPage - INFO: Element found with locator: cardnumber and  locatorType: name
05/09/2019 10:53:27 PM - RegisterCoursesPage - INFO: Sent data on element with locator: cardnumber locatorType: name
05/09/2019 10:53:31 PM - RegisterCoursesPage - INFO: Element found with locator: cardnumber and  locatorType: name
05/09/2019 10:53:31 PM - RegisterCoursesPage - INFO: Sent data on element with locator: cardnumber locatorType: name
05/09/2019 10:53:34 PM - RegisterCoursesPage - INFO: Element found with locator: cardnumber and  locatorType: name
05/09/2019 10:53:34 PM - RegisterCoursesPage - INFO: Sent data on element with locator: cardnumber locatorType: name
05/09/2019 10:53:37 PM - RegisterCoursesPage - INFO: Element found with locator: cardnumber and  locatorType: name
05/09/2019 10:53:37 PM - RegisterCoursesPage - INFO: Sent data on element with locator: cardnumber locatorType: name
05/09/2019 10:53:40 PM - RegisterCoursesPage - INFO: Element found with locator: cardnumber and  locatorType: name
05/09/2019 10:53:40 PM - RegisterCoursesPage - INFO: Sent data on element with locator: cardnumber locatorType: name
05/09/2019 10:53:43 PM - RegisterCoursesPage - INFO: Element found with locator: cardnumber and  locatorType: name
05/09/2019 10:53:43 PM - RegisterCoursesPage - INFO: Sent data on element with locator: cardnumber locatorType: name
05/09/2019 10:53:46 PM - RegisterCoursesPage - INFO: Element found with locator: cardnumber and  locatorType: name
05/09/2019 10:53:46 PM - RegisterCoursesPage - INFO: Sent data on element with locator: cardnumber locatorType: name
05/09/2019 10:53:49 PM - RegisterCoursesPage - INFO: Element found with locator: cardnumber and  locatorType: name
05/09/2019 10:53:49 PM - RegisterCoursesPage - INFO: Sent data on element with locator: cardnumber locatorType: name
05/09/2019 10:53:52 PM - RegisterCoursesPage - INFO: Element found with locator: cardnumber and  locatorType: name
05/09/2019 10:53:52 PM - RegisterCoursesPage - INFO: Sent data on element with locator: cardnumber locatorType: name
05/09/2019 10:53:55 PM - RegisterCoursesPage - INFO: Element found with locator: cardnumber and  locatorType: name
05/09/2019 10:53:55 PM - RegisterCoursesPage - INFO: Sent data on element with locator: cardnumber locatorType: name
05/09/2019 10:53:58 PM - RegisterCoursesPage - INFO: Element found with locator: cardnumber and  locatorType: name
05/09/2019 10:53:58 PM - RegisterCoursesPage - INFO: Sent data on element with locator: cardnumber locatorType: name
05/09/2019 10:54:01 PM - RegisterCoursesPage - INFO: Element found with locator: exp-date and  locatorType: name
05/09/2019 10:54:01 PM - RegisterCoursesPage - INFO: Sent data on element with locator: exp-date locatorType: name
05/09/2019 10:54:04 PM - RegisterCoursesPage - INFO: Element found with locator: cvc and  locatorType: name
05/09/2019 10:54:04 PM - RegisterCoursesPage - INFO: Sent data on element with locator: cvc locatorType: name
05/09/2019 10:54:07 PM - RegisterCoursesPage - INFO: Element found with locator: postal and  locatorType: name
05/09/2019 10:54:08 PM - RegisterCoursesPage - INFO: Sent data on element with locator: postal locatorType: name
05/09/2019 10:54:10 PM - RegisterCoursesPage - INFO: Element found with locator: //div[@class='boolean-checkbox spc__checkbox spc__terms-text']//input[@type='checkbox'] and  locatorType: xpath
05/09/2019 10:54:10 PM - RegisterCoursesPage - INFO: Clicked on element with locator: //div[@class='boolean-checkbox spc__checkbox spc__terms-text']//input[@type='checkbox'] locatorType: xpath
05/09/2019 10:54:10 PM - RegisterCoursesPage - INFO: Element found with locator: //button[@id='confirm-purchase']/label and  locatorType: xpath
05/09/2019 10:54:10 PM - RegisterCoursesPage - INFO: Clicked on element with locator: //button[@id='confirm-purchase']/label locatorType: xpath
